c:\users\123\documents\1. урфу ирит ртф\хорьков\task1\consoleapplication1\consoleapplication1\debug\consoleapplication1.pch
c:\users\123\documents\1. урфу ирит ртф\хорьков\task1\consoleapplication1\consoleapplication1\debug\vc120.pdb
c:\users\123\documents\1. урфу ирит ртф\хорьков\task1\consoleapplication1\consoleapplication1\debug\stdafx.obj
c:\users\123\documents\1. урфу ирит ртф\хорьков\task1\consoleapplication1\consoleapplication1\debug\consoleapplication1.obj
c:\users\123\documents\1. урфу ирит ртф\хорьков\task1\consoleapplication1\consoleapplication1\debug\assemblyinfo.obj
c:\users\123\documents\1. урфу ирит ртф\хорьков\task1\consoleapplication1\consoleapplication1\debug\.netframework,version=v4.5.assemblyattributes.obj
c:\users\123\documents\1. урфу ирит ртф\хорьков\task1\consoleapplication1\debug\consoleapplication1.exe
c:\users\123\documents\1. урфу ирит ртф\хорьков\task1\consoleapplication1\debug\consoleapplication1.pdb
c:\users\123\documents\1. урфу ирит ртф\хорьков\task1\consoleapplication1\consoleapplication1\debug\app.res
c:\users\123\documents\1. урфу ирит ртф\хорьков\task1\consoleapplication1\consoleapplication1\debug\consoleapplication1.vcxprojresolveassemblyreference.cache
c:\users\123\documents\1. урфу ирит ртф\хорьков\task1\consoleapplication1\consoleapplication1\debug\consolea.c2f75bd1.tlog\cl.command.1.tlog
c:\users\123\documents\1. урфу ирит ртф\хорьков\task1\consoleapplication1\consoleapplication1\debug\consolea.c2f75bd1.tlog\cl.read.1.tlog
c:\users\123\documents\1. урфу ирит ртф\хорьков\task1\consoleapplication1\consoleapplication1\debug\consolea.c2f75bd1.tlog\cl.write.1.tlog
c:\users\123\documents\1. урфу ирит ртф\хорьков\task1\consoleapplication1\consoleapplication1\debug\consolea.c2f75bd1.tlog\link.command.1.tlog
c:\users\123\documents\1. урфу ирит ртф\хорьков\task1\consoleapplication1\consoleapplication1\debug\consolea.c2f75bd1.tlog\link.read.1.tlog
c:\users\123\documents\1. урфу ирит ртф\хорьков\task1\consoleapplication1\consoleapplication1\debug\consolea.c2f75bd1.tlog\link.write.1.tlog
c:\users\123\documents\1. урфу ирит ртф\хорьков\task1\consoleapplication1\consoleapplication1\debug\consolea.c2f75bd1.tlog\metagen.read.1.tlog
c:\users\123\documents\1. урфу ирит ртф\хорьков\task1\consoleapplication1\consoleapplication1\debug\consolea.c2f75bd1.tlog\metagen.write.1.tlog
c:\users\123\documents\1. урфу ирит ртф\хорьков\task1\consoleapplication1\consoleapplication1\debug\consolea.c2f75bd1.tlog\rc.command.1.tlog
c:\users\123\documents\1. урфу ирит ртф\хорьков\task1\consoleapplication1\consoleapplication1\debug\consolea.c2f75bd1.tlog\rc.read.1.tlog
c:\users\123\documents\1. урфу ирит ртф\хорьков\task1\consoleapplication1\consoleapplication1\debug\consolea.c2f75bd1.tlog\rc.write.1.tlog
c:\users\123\documents\1. урфу ирит ртф\хорьков\task1\consoleapplication1\consoleapplication1\debug\consolea.c2f75bd1.tlog\tzres.dll.bi
