  fs_library.cpp
C:\Users\123\Desktop\fs2-07a4e951e4e9814c4fc3849fcbaee87110e69b23\fs2-07a4e951e4e9814c4fc3849fcbaee87110e69b23\fs_dll\fs_dll\fs_library.cpp(12,1): warning C4273: 'Check_DLL': inconsistent dll linkage
C:\Users\123\Desktop\fs2-07a4e951e4e9814c4fc3849fcbaee87110e69b23\fs2-07a4e951e4e9814c4fc3849fcbaee87110e69b23\fs_dll\fs_dll\Header.h(36,29): message : see previous definition of 'Check_DLL'
C:\Users\123\Desktop\fs2-07a4e951e4e9814c4fc3849fcbaee87110e69b23\fs2-07a4e951e4e9814c4fc3849fcbaee87110e69b23\fs_dll\fs_dll\fs_library.cpp(17,1): warning C4273: 'Show_info': inconsistent dll linkage
C:\Users\123\Desktop\fs2-07a4e951e4e9814c4fc3849fcbaee87110e69b23\fs2-07a4e951e4e9814c4fc3849fcbaee87110e69b23\fs_dll\fs_dll\Header.h(38,30): message : see previous definition of 'Show_info'
C:\Users\123\Desktop\fs2-07a4e951e4e9814c4fc3849fcbaee87110e69b23\fs2-07a4e951e4e9814c4fc3849fcbaee87110e69b23\fs_dll\fs_dll\fs_library.cpp(24,12): warning C4477: 'printf' : format string '%d' requires an argument of type 'int', but variadic argument 1 has type 'UINT64'
C:\Users\123\Desktop\fs2-07a4e951e4e9814c4fc3849fcbaee87110e69b23\fs2-07a4e951e4e9814c4fc3849fcbaee87110e69b23\fs_dll\fs_dll\fs_library.cpp(24,12): message : consider using '%lld' in the format string
C:\Users\123\Desktop\fs2-07a4e951e4e9814c4fc3849fcbaee87110e69b23\fs2-07a4e951e4e9814c4fc3849fcbaee87110e69b23\fs_dll\fs_dll\fs_library.cpp(24,12): message : consider using '%I64d' in the format string
C:\Users\123\Desktop\fs2-07a4e951e4e9814c4fc3849fcbaee87110e69b23\fs2-07a4e951e4e9814c4fc3849fcbaee87110e69b23\fs_dll\fs_dll\fs_library.cpp(25,12): warning C4477: 'printf' : format string '%d' requires an argument of type 'int', but variadic argument 1 has type 'UINT64'
C:\Users\123\Desktop\fs2-07a4e951e4e9814c4fc3849fcbaee87110e69b23\fs2-07a4e951e4e9814c4fc3849fcbaee87110e69b23\fs_dll\fs_dll\fs_library.cpp(25,12): message : consider using '%lld' in the format string
C:\Users\123\Desktop\fs2-07a4e951e4e9814c4fc3849fcbaee87110e69b23\fs2-07a4e951e4e9814c4fc3849fcbaee87110e69b23\fs_dll\fs_dll\fs_library.cpp(25,12): message : consider using '%I64d' in the format string
C:\Users\123\Desktop\fs2-07a4e951e4e9814c4fc3849fcbaee87110e69b23\fs2-07a4e951e4e9814c4fc3849fcbaee87110e69b23\fs_dll\fs_dll\fs_library.cpp(26,12): warning C4477: 'printf' : format string '%d' requires an argument of type 'int', but variadic argument 1 has type 'UINT64'
C:\Users\123\Desktop\fs2-07a4e951e4e9814c4fc3849fcbaee87110e69b23\fs2-07a4e951e4e9814c4fc3849fcbaee87110e69b23\fs_dll\fs_dll\fs_library.cpp(26,12): message : consider using '%lld' in the format string
C:\Users\123\Desktop\fs2-07a4e951e4e9814c4fc3849fcbaee87110e69b23\fs2-07a4e951e4e9814c4fc3849fcbaee87110e69b23\fs_dll\fs_dll\fs_library.cpp(26,12): message : consider using '%I64d' in the format string
C:\Users\123\Desktop\fs2-07a4e951e4e9814c4fc3849fcbaee87110e69b23\fs2-07a4e951e4e9814c4fc3849fcbaee87110e69b23\fs_dll\fs_dll\fs_library.cpp(29,12): warning C4477: 'printf' : format string '%d' requires an argument of type 'int', but variadic argument 1 has type 'UINT64'
C:\Users\123\Desktop\fs2-07a4e951e4e9814c4fc3849fcbaee87110e69b23\fs2-07a4e951e4e9814c4fc3849fcbaee87110e69b23\fs_dll\fs_dll\fs_library.cpp(29,12): message : consider using '%lld' in the format string
C:\Users\123\Desktop\fs2-07a4e951e4e9814c4fc3849fcbaee87110e69b23\fs2-07a4e951e4e9814c4fc3849fcbaee87110e69b23\fs_dll\fs_dll\fs_library.cpp(29,12): message : consider using '%I64d' in the format string
  LINK : C:\Users\123\Desktop\fs2-07a4e951e4e9814c4fc3849fcbaee87110e69b23\fs2-07a4e951e4e9814c4fc3849fcbaee87110e69b23\fs_dll\Debug\fs_dll.dll not found or not built by the last incremental link; performing full link
     Creating library C:\Users\123\Desktop\fs2-07a4e951e4e9814c4fc3849fcbaee87110e69b23\fs2-07a4e951e4e9814c4fc3849fcbaee87110e69b23\fs_dll\Debug\fs_dll.lib and object C:\Users\123\Desktop\fs2-07a4e951e4e9814c4fc3849fcbaee87110e69b23\fs2-07a4e951e4e9814c4fc3849fcbaee87110e69b23\fs_dll\Debug\fs_dll.exp
  fs_dll.vcxproj -> C:\Users\123\Desktop\fs2-07a4e951e4e9814c4fc3849fcbaee87110e69b23\fs2-07a4e951e4e9814c4fc3849fcbaee87110e69b23\fs_dll\Debug\fs_dll.dll
